<?xml version="1.0" encoding="UTF-8"?>
<!-- Generated by org.testng.reporters.JUnitXMLReporter -->
<testsuite ignored="10" hostname="DHARUN" failures="0" tests="6" name="Test" time="52.232" errors="0" timestamp="2025-02-13T10:06:50 IST">
  <testcase classname="TestCaseRepo.TC_005" name="CreatingNewContactPage_002" time="18.819"/>
  <testcase classname="TestCaseRepo.TC_006" name="CreatingNewContactPage_003" time="16.608"/>
  <testcase classname="TestCaseRepo.TC_002" name="CreatNewLeadpaage_002" time="19.829"/>
  <testcase classname="TestCaseRepo.TC_003" name="CreatNewLeadpaage_003" time="18.658"/>
  <testcase classname="TestCaseRepo.TC_004" name="Contacts_001" time="19.864"/>
  <testcase classname="TestCaseRepo.TC_001" name="leads_001" time="11.583"/>
  <testcase classname="GenericUtility.BaseClass" name="@BeforeSuite DBconnection" time="0.0">
    <ignored/>
  </testcase> <!-- @BeforeSuite DBconnection -->
  <testcase classname="GenericUtility.BaseClass" name="@BeforeSuite DBconnection" time="0.0">
    <ignored/>
  </testcase> <!-- @BeforeSuite DBconnection -->
  <testcase classname="GenericUtility.BaseClass" name="@BeforeSuite DBconnection" time="0.0">
    <ignored/>
  </testcase> <!-- @BeforeSuite DBconnection -->
  <testcase classname="GenericUtility.BaseClass" name="@BeforeSuite DBconnection" time="0.0">
    <ignored/>
  </testcase> <!-- @BeforeSuite DBconnection -->
  <testcase classname="GenericUtility.BaseClass" name="@BeforeSuite DBconnection" time="0.0">
    <ignored/>
  </testcase> <!-- @BeforeSuite DBconnection -->
  <testcase classname="GenericUtility.BaseClass" name="@AfterSuite DBconnectionClosed" time="0.0">
    <ignored/>
  </testcase> <!-- @AfterSuite DBconnectionClosed -->
  <testcase classname="GenericUtility.BaseClass" name="@AfterSuite DBconnectionClosed" time="0.0">
    <ignored/>
  </testcase> <!-- @AfterSuite DBconnectionClosed -->
  <testcase classname="GenericUtility.BaseClass" name="@AfterSuite DBconnectionClosed" time="0.0">
    <ignored/>
  </testcase> <!-- @AfterSuite DBconnectionClosed -->
  <testcase classname="GenericUtility.BaseClass" name="@AfterSuite DBconnectionClosed" time="0.0">
    <ignored/>
  </testcase> <!-- @AfterSuite DBconnectionClosed -->
  <testcase classname="GenericUtility.BaseClass" name="@AfterSuite DBconnectionClosed" time="0.0">
    <ignored/>
  </testcase> <!-- @AfterSuite DBconnectionClosed -->
</testsuite> <!-- Test -->
